Build started 12/11/2015 7:55:36 PM.
     1>Project "C:\Users\treardon17\Documents\GitHub\P2PNetworkFinal1\P2PNetworkFinal\P2PNetworkFinal.vcxproj" on node 2 (Build target(s)).
     1>ClCompile:
         C:\Program Files (x86)\Microsoft Visual Studio 14.0\VC\bin\CL.exe /c /Zi /nologo /W3 /WX- /O2 /Oi /Oy- /GL /D WIN32 /D NDEBUG /D _CONSOLE /D _UNICODE /D UNICODE /Gm- /EHsc /MTd /GS /Gy /fp:precise /Zc:wchar_t /Zc:forScope /Zc:inline /Fo"Release\\" /Fd"Release\vc140.pdb" /Gd /TP /analyze- /errorReport:prompt main.cpp
         main.cpp
     1>c:\users\treardon17\documents\github\p2pnetworkfinal1\p2pnetworkfinal\Socket.h(266): warning C4018: '<': signed/unsigned mismatch
     1>c:\users\treardon17\documents\github\p2pnetworkfinal1\p2pnetworkfinal\Server.h(166): warning C4018: '<': signed/unsigned mismatch
     1>c:\users\treardon17\documents\github\p2pnetworkfinal1\p2pnetworkfinal\Server.h(167): warning C4018: '<': signed/unsigned mismatch
     1>c:\users\treardon17\documents\github\p2pnetworkfinal1\p2pnetworkfinal\Server.h(168): warning C4018: '<': signed/unsigned mismatch
     1>c:\users\treardon17\documents\github\p2pnetworkfinal1\p2pnetworkfinal\Server.h(177): warning C4018: '<': signed/unsigned mismatch
     1>c:\users\treardon17\documents\github\p2pnetworkfinal1\p2pnetworkfinal\Server.h(178): warning C4018: '<': signed/unsigned mismatch
     1>c:\users\treardon17\documents\github\p2pnetworkfinal1\p2pnetworkfinal\Server.h(179): warning C4018: '<': signed/unsigned mismatch
     1>c:\users\treardon17\documents\github\p2pnetworkfinal1\p2pnetworkfinal\Server.h(138): warning C4996: 'strdup': The POSIX name for this item is deprecated. Instead, use the ISO C and C++ conformant name: _strdup. See online help for details.
         C:\Program Files (x86)\Windows Kits\10\Include\10.0.10150.0\ucrt\string.h(552): note: see declaration of 'strdup'
     1>c:\users\treardon17\documents\github\p2pnetworkfinal1\p2pnetworkfinal\Server.h(127): warning C4101: 'rc': unreferenced local variable
     1>c:\users\treardon17\documents\github\p2pnetworkfinal1\p2pnetworkfinal\Client.h(68): warning C4018: '<': signed/unsigned mismatch
     1>c:\users\treardon17\documents\github\p2pnetworkfinal1\p2pnetworkfinal\Client.h(91): warning C4018: '<': signed/unsigned mismatch
     1>c:\users\treardon17\documents\github\p2pnetworkfinal1\p2pnetworkfinal\Client.h(221): warning C4018: '<': signed/unsigned mismatch
     1>c:\users\treardon17\documents\github\p2pnetworkfinal1\p2pnetworkfinal\Node.h(63): warning C4150: deletion of pointer to incomplete type 'sqlite3'; no destructor called
         c:\users\treardon17\documents\github\p2pnetworkfinal1\p2pnetworkfinal\SQLite\sqlite3.h(227): note: see declaration of 'sqlite3'
       Link:
         C:\Program Files (x86)\Microsoft Visual Studio 14.0\VC\bin\link.exe /ERRORREPORT:PROMPT /OUT:"C:\Users\treardon17\Documents\GitHub\P2PNetworkFinal1\Release\P2PNetworkFinal.exe" /INCREMENTAL:NO /NOLOGO ./SQLite/sqlite3.lib kernel32.lib user32.lib gdi32.lib winspool.lib comdlg32.lib advapi32.lib shell32.lib ole32.lib oleaut32.lib uuid.lib odbc32.lib odbccp32.lib /MANIFEST /MANIFESTUAC:"level='asInvoker' uiAccess='false'" /manifest:embed /Debug /PDB:"C:\Users\treardon17\Documents\GitHub\P2PNetworkFinal1\Release\P2PNetworkFinal.pdb" /SUBSYSTEM:CONSOLE /OPT:REF /OPT:ICF /LTCG:incremental /TLBID:1 /DYNAMICBASE /NXCOMPAT /IMPLIB:"C:\Users\treardon17\Documents\GitHub\P2PNetworkFinal1\Release\P2PNetworkFinal.lib" /MACHINE:X86 /SAFESEH Release\main.obj
         Generating code
         205 of 1236 functions (16.6%) were compiled, the rest were copied from previous compilation.
           190 functions were new in current compilation
           142 functions had inline decision re-evaluated but remain unchanged
         Finished generating code
         P2PNetworkFinal.vcxproj -> C:\Users\treardon17\Documents\GitHub\P2PNetworkFinal1\Release\P2PNetworkFinal.exe
     1>Done Building Project "C:\Users\treardon17\Documents\GitHub\P2PNetworkFinal1\P2PNetworkFinal\P2PNetworkFinal.vcxproj" (Build target(s)).

Build succeeded.

Time Elapsed 00:00:13.45
